<?xml version="1.0" encoding="UTF-8"?>
<!-- Generated by org.testng.reporters.JUnitXMLReporter -->
<testsuite ignored="0" hostname="GGLLT00132" failures="1" tests="1" name="Surefire test" time="14.8" errors="0" timestamp="01 Mar 2021 04:55:06 GMT">
  <testcase classname="cucumber.api.testng.AbstractTestNGCucumberTests" name="runScenario" time="14.583">
    <failure type="java.lang.AssertionError" message="expected [rahul] but found [nikhil]">
      <![CDATA[java.lang.AssertionError: expected [rahul] but found [nikhil]
at com.gaana.stepdefinitions.Playlist.PlaylistStepDef.loginToGaana(PlaylistStepDef.java:23)
at âœ½.User login to the application(file:src/test/java/com/gaana/features/Playlist/CreatePlaylist.feature:7)
... Removed 6 stack frames]]>
    </failure>
  </testcase> <!-- runScenario -->
</testsuite> <!-- Surefire test -->
