<?xml version="1.0" encoding="UTF-8"?>
<!-- Generated by org.testng.reporters.JUnitReportReporter -->
<testsuite hostname="GGLLT00132" failures="1" tests="1" name="com.gaana.test.base.Test_Runner" time="14.583" errors="0" timestamp="01 Mar 2021 04:55:06 GMT" skipped="0">
  <testcase classname="com.gaana.test.base.Test_Runner" name="runScenario" time="14.583">
    <failure message="expected [rahul] but found [nikhil]" type="java.lang.AssertionError">
      <![CDATA[java.lang.AssertionError: expected [rahul] but found [nikhil]
at org.testng.Assert.fail(Assert.java:96)
at org.testng.Assert.failNotEquals(Assert.java:776)
at org.testng.Assert.assertEqualsImpl(Assert.java:137)
at org.testng.Assert.assertEquals(Assert.java:118)
at org.testng.Assert.assertEquals(Assert.java:453)
at org.testng.Assert.assertEquals(Assert.java:463)
at com.gaana.stepdefinitions.Playlist.PlaylistStepDef.loginToGaana(PlaylistStepDef.java:23)
at âœ½.User login to the application(file:src/test/java/com/gaana/features/Playlist/CreatePlaylist.feature:7)
]]>
    </failure>
  </testcase> <!-- runScenario -->
</testsuite> <!-- com.gaana.test.base.Test_Runner -->
